[2026-02-24T21:48:57.433Z] REC-ERROR: MongoServerSelectionError: connection <monitor> to 159.41.192.35:27017 timed out
    at Topology.selectServer (F:\heykerala\heykerala - Copy\backend\node_modules\mongodb\src\sdam\topology.ts:635:30)
    at runNextTicks (node:internal/process/task_queues:65:5)
    at listOnTimeout (node:internal/timers:569:9)
    at processTimers (node:internal/timers:543:7)
    at async tryOperation (F:\heykerala\heykerala - Copy\backend\node_modules\mongodb\src\operations\execute_operation.ts:202:16)
    at async executeOperation (F:\heykerala\heykerala - Copy\backend\node_modules\mongodb\src\operations\execute_operation.ts:119:12)
    at async FindCursor._initialize (F:\heykerala\heykerala - Copy\backend\node_modules\mongodb\src\cursor\find_cursor.ts:92:22)
    at async FindCursor.cursorInit (F:\heykerala\heykerala - Copy\backend\node_modules\mongodb\src\cursor\abstract_cursor.ts:949:21)
    at async FindCursor.fetchBatch (F:\heykerala\heykerala - Copy\backend\node_modules\mongodb\src\cursor\abstract_cursor.ts:987:7)
    at async FindCursor.next (F:\heykerala\heykerala - Copy\backend\node_modules\mongodb\src\cursor\abstract_cursor.ts:608:9)
[2026-02-24T21:49:00.478Z] REC-ERROR: MongoServerSelectionError: Socket 'secureConnect' timed out after 5008ms (connectTimeoutMS: 5000)
    at Topology.selectServer (F:\heykerala\heykerala - Copy\backend\node_modules\mongodb\src\sdam\topology.ts:635:30)
    at runNextTicks (node:internal/process/task_queues:65:5)
    at listOnTimeout (node:internal/timers:569:9)
    at processTimers (node:internal/timers:543:7)
    at async tryOperation (F:\heykerala\heykerala - Copy\backend\node_modules\mongodb\src\operations\execute_operation.ts:202:16)
    at async executeOperation (F:\heykerala\heykerala - Copy\backend\node_modules\mongodb\src\operations\execute_operation.ts:119:12)
    at async FindCursor._initialize (F:\heykerala\heykerala - Copy\backend\node_modules\mongodb\src\cursor\find_cursor.ts:92:22)
    at async FindCursor.cursorInit (F:\heykerala\heykerala - Copy\backend\node_modules\mongodb\src\cursor\abstract_cursor.ts:949:21)
    at async FindCursor.fetchBatch (F:\heykerala\heykerala - Copy\backend\node_modules\mongodb\src\cursor\abstract_cursor.ts:987:7)
    at async FindCursor.next (F:\heykerala\heykerala - Copy\backend\node_modules\mongodb\src\cursor\abstract_cursor.ts:608:9)
[2026-02-24T21:49:07.390Z] REC-ERROR: MongoServerSelectionError: Socket 'secureConnect' timed out after 5003ms (connectTimeoutMS: 5000)
    at Topology.selectServer (F:\heykerala\heykerala - Copy\backend\node_modules\mongodb\src\sdam\topology.ts:635:30)
    at runNextTicks (node:internal/process/task_queues:65:5)
    at listOnTimeout (node:internal/timers:569:9)
    at processTimers (node:internal/timers:543:7)
    at async tryOperation (F:\heykerala\heykerala - Copy\backend\node_modules\mongodb\src\operations\execute_operation.ts:202:16)
    at async executeOperation (F:\heykerala\heykerala - Copy\backend\node_modules\mongodb\src\operations\execute_operation.ts:119:12)
    at async FindCursor._initialize (F:\heykerala\heykerala - Copy\backend\node_modules\mongodb\src\cursor\find_cursor.ts:92:22)
    at async FindCursor.cursorInit (F:\heykerala\heykerala - Copy\backend\node_modules\mongodb\src\cursor\abstract_cursor.ts:949:21)
    at async FindCursor.fetchBatch (F:\heykerala\heykerala - Copy\backend\node_modules\mongodb\src\cursor\abstract_cursor.ts:987:7)
    at async FindCursor.next (F:\heykerala\heykerala - Copy\backend\node_modules\mongodb\src\cursor\abstract_cursor.ts:608:9)
[2026-02-24T21:49:07.392Z] REC-ERROR: MongoServerSelectionError: Socket 'secureConnect' timed out after 5003ms (connectTimeoutMS: 5000)
    at Topology.selectServer (F:\heykerala\heykerala - Copy\backend\node_modules\mongodb\src\sdam\topology.ts:635:30)
    at runNextTicks (node:internal/process/task_queues:65:5)
    at listOnTimeout (node:internal/timers:569:9)
    at processTimers (node:internal/timers:543:7)
    at async tryOperation (F:\heykerala\heykerala - Copy\backend\node_modules\mongodb\src\operations\execute_operation.ts:202:16)
    at async executeOperation (F:\heykerala\heykerala - Copy\backend\node_modules\mongodb\src\operations\execute_operation.ts:119:12)
    at async FindCursor._initialize (F:\heykerala\heykerala - Copy\backend\node_modules\mongodb\src\cursor\find_cursor.ts:92:22)
    at async FindCursor.cursorInit (F:\heykerala\heykerala - Copy\backend\node_modules\mongodb\src\cursor\abstract_cursor.ts:949:21)
    at async FindCursor.fetchBatch (F:\heykerala\heykerala - Copy\backend\node_modules\mongodb\src\cursor\abstract_cursor.ts:987:7)
    at async FindCursor.next (F:\heykerala\heykerala - Copy\backend\node_modules\mongodb\src\cursor\abstract_cursor.ts:608:9)
